xcode-select: error: tool 'xcodebuild' requires Xcode, but active developer directory '/Library/Developer/CommandLineTools' is a command line tools instance

xcode-select: error: tool 'xcodebuild' requires Xcode, but active developer directory '/Library/Developer/CommandLineTools' is a command line tools instance

In file included from ../src/bufferutil.cc:15:
../../nan/nan.h:337:54: error: too many arguments to function call, expected at most 2, have 4
    return v8::Signature::New(nan_isolate, receiver, argc, argv);
           ~~~~~~~~~~~~~~~~~~                        ^~~~~~~~~~
/Users/carsenklock/.node-gyp/6.2.1/include/node/v8.h:4798:3: note: 'New' declared here
  static Local<Signature> New(
  ^
In file included from ../src/bufferutil.cc:15:
../../nan/nan.h:409:19: error: no type named 'ExternalAsciiStringResource' in 'v8::String'; did you mean 'ExternalStringResource'?
      v8::String::ExternalAsciiStringResource *resource) {
      ~~~~~~~~~~~~^~~~~~~~~~~~~~~~~~~~~~~~~~~
                  ExternalStringResource
/Users/carsenklock/.node-gyp/6.2.1/include/node/v8.h:2230:19: note: 'ExternalStringResource' declared here
  class V8_EXPORT ExternalStringResource
                  ^
In file included from ../src/bufferutil.cc:15:
../../nan/nan.h:408:36: error: redefinition of 'NanNew'
  NAN_INLINE v8::Local<v8::String> NanNew(
                                   ^
../../nan/nan.h:403:36: note: previous definition is here
  NAN_INLINE v8::Local<v8::String> NanNew(
                                   ^
../../nan/nan.h:427:3: error: redefinition of 'NanNew'
  NanNew<v8::StringObject, v8::Handle<v8::String> >(
  ^
../../nan/nan.h:420:3: note: previous definition is here
  NanNew<v8::StringObject, v8::Local<v8::String> >(
  ^
../../nan/nan.h:444:36: error: redefinition of 'NanNew'
  NAN_INLINE v8::Local<v8::RegExp> NanNew(
                                   ^
../../nan/nan.h:438:36: note: previous definition is here
  NAN_INLINE v8::Local<v8::RegExp> NanNew(
                                   ^
../../nan/nan.h:456:36: error: redefinition of 'NanNew'
  NAN_INLINE v8::Local<v8::RegExp> NanNew(
                                   ^
../../nan/nan.h:450:36: note: previous definition is here
  NAN_INLINE v8::Local<v8::RegExp> NanNew(
                                   ^
../../nan/nan.h:586:20: error: no type named 'GCEpilogueCallback' in 'v8::Isolate'
      v8::Isolate::GCEpilogueCallback callback
      ~~~~~~~~~~~~~^
../../nan/nan.h:592:20: error: no type named 'GCEpilogueCallback' in 'v8::Isolate'
      v8::Isolate::GCEpilogueCallback callback) {
      ~~~~~~~~~~~~~^
../../nan/nan.h:597:20: error: no type named 'GCPrologueCallback' in 'v8::Isolate'
      v8::Isolate::GCPrologueCallback callback
      ~~~~~~~~~~~~~^
../../nan/nan.h:603:20: error: no type named 'GCPrologueCallback' in 'v8::Isolate'
      v8::Isolate::GCPrologueCallback callback) {
      ~~~~~~~~~~~~~^
../../nan/nan.h:767:13: error: no member named 'smalloc' in namespace 'node'
    , node::smalloc::FreeCallback callback
      ~~~~~~^
../../nan/nan.h:777:12: error: no matching function for call to 'New'
    return node::Buffer::New(nan_isolate, data, size);
           ^~~~~~~~~~~~~~~~~
/Users/carsenklock/.node-gyp/6.2.1/include/node/node_buffer.h:46:40: note: candidate function not viable: 2nd argument ('const char *') would lose const qualifier
NODE_EXTERN v8::MaybeLocal<v8::Object> New(v8::Isolate* isolate,
                                       ^
/Users/carsenklock/.node-gyp/6.2.1/include/node/node_buffer.h:34:40: note: candidate function not viable: no known conversion from 'const char *' to 'v8::Local<v8::String>' for 2nd argument
NODE_EXTERN v8::MaybeLocal<v8::Object> New(v8::Isolate* isolate,
                                       ^
/Users/carsenklock/.node-gyp/6.2.1/include/node/node_buffer.h:31:40: note: candidate function not viable: requires 2 arguments, but 3 were provided
NODE_EXTERN v8::MaybeLocal<v8::Object> New(v8::Isolate* isolate, size_t length);
                                       ^
/Users/carsenklock/.node-gyp/6.2.1/include/node/node_buffer.h:39:40: note: candidate function not viable: requires 5 arguments, but 3 were provided
NODE_EXTERN v8::MaybeLocal<v8::Object> New(v8::Isolate* isolate,
                                       ^
In file included from ../src/bufferutil.cc:15:
../../nan/nan.h:781:12: error: no viable conversion from returned value of type 'v8::MaybeLocal<v8::Object>' to function return type 'v8::Local<v8::Object>'
    return node::Buffer::New(nan_isolate, size);
           ^~~~~~~~~~~~~~~~~~~~~~~~~~~~~~~~~~~~
/Users/carsenklock/.node-gyp/6.2.1/include/node/v8.h:216:7: note: candidate constructor (the implicit copy constructor) not viable: no known conversion from 'v8::MaybeLocal<v8::Object>' to 'const v8::Local<v8::Object> &' for 1st argument
class Local {
      ^
/Users/carsenklock/.node-gyp/6.2.1/include/node/v8.h:216:7: note: candidate constructor (the implicit move constructor) not viable: no known conversion from 'v8::MaybeLocal<v8::Object>' to 'v8::Local<v8::Object> &&' for 1st argument
/Users/carsenklock/.node-gyp/6.2.1/include/node/v8.h:220:13: note: candidate template ignored: could not match 'Local' against 'MaybeLocal'
  V8_INLINE Local(Local<S> that)
            ^
In file included from ../src/bufferutil.cc:15:
../../nan/nan.h:788:26: error: no member named 'Use' in namespace 'node::Buffer'
    return node::Buffer::Use(nan_isolate, data, size);
           ~~~~~~~~~~~~~~^
../../nan/nan.h:1728:12: error: no member named 'IsExternalAscii' in 'v8::String'; did you mean 'IsExternal'?
  if (str->IsExternalAscii()) {
           ^~~~~~~~~~~~~~~
           IsExternal
/Users/carsenklock/.node-gyp/6.2.1/include/node/v8.h:2192:8: note: 'IsExternal' declared here
  bool IsExternal() const;
       ^
In file included from ../src/bufferutil.cc:15:
../../nan/nan.h:1729:23: error: no type named 'ExternalAsciiStringResource' in 'v8::String'; did you mean 'ExternalStringResource'?
    const v8::String::ExternalAsciiStringResource* ext;
          ~~~~~~~~~~~~^~~~~~~~~~~~~~~~~~~~~~~~~~~
                      ExternalStringResource
/Users/carsenklock/.node-gyp/6.2.1/include/node/v8.h:2230:19: note: 'ExternalStringResource' declared here
  class V8_EXPORT ExternalStringResource
                  ^
In file included from ../src/bufferutil.cc:15:
../../nan/nan.h:1730:16: error: no member named 'GetExternalAsciiStringResource' in 'v8::String'
    ext = str->GetExternalAsciiStringResource();
          ~~~  ^
../../nan/nan.h:1731:11: error: assigning to 'const char *' from incompatible type 'const uint16_t *' (aka 'const unsigned short *')
    *data = ext->data();
          ^ ~~~~~~~~~~~
../src/bufferutil.cc:29:5: error: call to 'NODE_SET_METHOD' is ambiguous
    NODE_SET_METHOD(t, "unmask", BufferUtil::Unmask);
    ^~~~~~~~~~~~~~~
/Users/carsenklock/.node-gyp/6.2.1/include/node/node.h:268:25: note: expanded from macro 'NODE_SET_METHOD'
#define NODE_SET_METHOD node::NODE_SET_METHOD
                        ^~~~~~~~~~~~~~~~~~~~~
/Users/carsenklock/.node-gyp/6.2.1/include/node/node.h:243:13: note: candidate function
inline void NODE_SET_METHOD(v8::Local<v8::Template> recv,
            ^
/Users/carsenklock/.node-gyp/6.2.1/include/node/node.h:256:13: note: candidate function
inline void NODE_SET_METHOD(v8::Local<v8::Object> recv,
            ^
fatal error: too many errors emitted, stopping now [-ferror-limit=]
20 errors generated.
make: *** [Release/obj.target/bufferutil/src/bufferutil.o] Error 1
gyp ERR! build error 
gyp ERR! stack Error: `make` failed with exit code: 2
gyp ERR! stack     at ChildProcess.onExit (/usr/local/lib/node_modules/npm/node_modules/node-gyp/lib/build.js:276:23)
gyp ERR! stack     at emitTwo (events.js:106:13)
gyp ERR! stack     at ChildProcess.emit (events.js:191:7)
gyp ERR! stack     at Process.ChildProcess._handle.onexit (internal/child_process.js:204:12)
gyp ERR! System Darwin 15.5.0
gyp ERR! command "/usr/local/Cellar/node/6.2.1/bin/node" "/usr/local/lib/node_modules/npm/node_modules/node-gyp/bin/node-gyp.js" "rebuild"
gyp ERR! cwd /Users/carsenklock/explorer/node_modules/socket.io-client/node_modules/ws
gyp ERR! node -v v6.2.1
gyp ERR! node-gyp -v v3.3.1
gyp ERR! not ok 
